<?xml version="1.0" encoding="UTF-8"?>
<!-- Generated by org.testng.reporters.JUnitReportReporter -->
<testsuite hostname="DESKTOP-B8PJ5UK" failures="0" tests="2" name="com.w2automation.TestCases.TC01_Registration" time="41.886" errors="0" timestamp="2022-04-27T10:22:45 IST" skipped="0">
  <testcase classname="com.w2automation.TestCases.TC01_Registration" name="doRegistration" time="21.361"/>
  <system-out/>
  <testcase classname="com.w2automation.TestCases.TC01_Registration" name="doRegistration" time="20.525"/>
  <system-out/>
</testsuite> <!-- com.w2automation.TestCases.TC01_Registration -->
